16:59:55.005 [main] INFO  i.g.c.config.GatlingConfiguration$ - Gatling will try to load 'gatling.conf' config file as ClassLoader resource.
16:59:55.161 [GatlingSystem-akka.actor.default-dispatcher-5] INFO  akka.event.slf4j.Slf4jLogger - Slf4jLogger started
16:59:55.951 [main] INFO  com.intuit.karate - karate.env system property was: null 
16:59:55.956 [main] INFO  com.intuit.karate - >> lock acquired, begin callSingle: classpath:helpers/CreateToken.feature
16:59:56.411 [main] INFO  com.intuit.karate - << lock released, cached callSingle: classpath:helpers/CreateToken.feature
16:59:56.771 [main] INFO  com.intuit.karate - karate.env system property was: null 
16:59:56.772 [main] INFO  com.intuit.karate - >> lock acquired, begin callSingle: classpath:helpers/CreateToken.feature
16:59:57.115 [main] INFO  com.intuit.karate - << lock released, cached callSingle: classpath:helpers/CreateToken.feature
16:59:57.677 [main] INFO  com.intuit.karate - karate.env system property was: null 
16:59:57.678 [main] INFO  com.intuit.karate - >> lock acquired, begin callSingle: classpath:helpers/CreateToken.feature
16:59:58.147 [main] INFO  com.intuit.karate - << lock released, cached callSingle: classpath:helpers/CreateToken.feature
16:59:58.695 [GatlingSystem-akka.actor.default-dispatcher-14] INFO  i.g.c.stats.writer.ConsoleDataWriter - Initializing
16:59:58.695 [GatlingSystem-akka.actor.default-dispatcher-15] INFO  i.g.c.stats.writer.LogFileDataWriter - Initializing
16:59:58.698 [GatlingSystem-akka.actor.default-dispatcher-14] INFO  i.g.c.stats.writer.ConsoleDataWriter - Initialized
16:59:58.698 [GatlingSystem-akka.actor.default-dispatcher-15] INFO  i.g.c.stats.writer.LogFileDataWriter - Initialized
16:59:58.738 [GatlingSystem-akka.actor.default-dispatcher-23] INFO  com.intuit.karate - karate.env system property was: null 
16:59:58.738 [GatlingSystem-akka.actor.default-dispatcher-23] INFO  com.intuit.karate - >> lock acquired, begin callSingle: classpath:helpers/CreateToken.feature
16:59:59.232 [GatlingSystem-akka.actor.default-dispatcher-23] INFO  com.intuit.karate - << lock released, cached callSingle: classpath:helpers/CreateToken.feature
16:59:59.740 [GatlingSystem-akka.actor.default-dispatcher-23] INFO  com.intuit.karate - [print] Dabke1-196105 
17:00:02.735 [GatlingSystem-akka.actor.default-dispatcher-36] INFO  com.intuit.karate - karate.env system property was: null 
17:00:03.164 [GatlingSystem-akka.actor.default-dispatcher-36] INFO  com.intuit.karate - [print] Chant1-196105 
17:00:03.732 [GatlingSystem-akka.actor.default-dispatcher-43] INFO  com.intuit.karate - karate.env system property was: null 
17:00:04.151 [GatlingSystem-akka.actor.default-dispatcher-43] INFO  com.intuit.karate - [print] Guitar1-196105 
17:00:04.730 [GatlingSystem-akka.actor.default-dispatcher-52] INFO  com.intuit.karate - karate.env system property was: null 
17:00:05.020 [GatlingSystem-akka.actor.default-dispatcher-52] ERROR com.intuit.karate - classpath:conduitApp/performance/createArticle.feature:17
Then status 200
status code was: 422, expected: 200, response time in milliseconds: 261, url: https://api.realworld.io/api/articles, response: 
{"errors":{"title":["must be unique"]}}
classpath:conduitApp/performance/createArticle.feature:17
17:00:05.726 [GatlingSystem-akka.actor.default-dispatcher-71] INFO  com.intuit.karate - karate.env system property was: null 
17:00:06.022 [GatlingSystem-akka.actor.default-dispatcher-71] ERROR com.intuit.karate - classpath:conduitApp/performance/createArticle.feature:17
Then status 200
status code was: 422, expected: 200, response time in milliseconds: 278, url: https://api.realworld.io/api/articles, response: 
{"errors":{"title":["must be unique"]}}
classpath:conduitApp/performance/createArticle.feature:17
17:00:06.725 [GatlingSystem-akka.actor.default-dispatcher-83] INFO  com.intuit.karate - karate.env system property was: null 
17:00:07.005 [GatlingSystem-akka.actor.default-dispatcher-83] ERROR com.intuit.karate - classpath:conduitApp/performance/createArticle.feature:17
Then status 200
status code was: 422, expected: 200, response time in milliseconds: 257, url: https://api.realworld.io/api/articles, response: 
{"errors":{"title":["must be unique"]}}
classpath:conduitApp/performance/createArticle.feature:17
17:00:07.229 [GatlingSystem-akka.actor.default-dispatcher-95] INFO  com.intuit.karate - karate.env system property was: null 
17:00:07.687 [GatlingSystem-akka.actor.default-dispatcher-95] INFO  com.intuit.karate - [print] Dabke1-196105 
17:00:07.721 [GatlingSystem-akka.actor.default-dispatcher-100] INFO  com.intuit.karate - karate.env system property was: null 
17:00:08.171 [GatlingSystem-akka.actor.default-dispatcher-100] ERROR com.intuit.karate - classpath:conduitApp/performance/createArticle.feature:17
Then status 200
status code was: 422, expected: 200, response time in milliseconds: 434, url: https://api.realworld.io/api/articles, response: 
{"errors":{"title":["must be unique"]}}
classpath:conduitApp/performance/createArticle.feature:17
17:00:08.216 [GatlingSystem-akka.actor.default-dispatcher-12] INFO  com.intuit.karate - karate.env system property was: null 
17:00:08.562 [GatlingSystem-akka.actor.default-dispatcher-12] ERROR com.intuit.karate - classpath:conduitApp/performance/createArticle.feature:17
Then status 200
status code was: 422, expected: 200, response time in milliseconds: 331, url: https://api.realworld.io/api/articles, response: 
{"errors":{"title":["must be unique"]}}
classpath:conduitApp/performance/createArticle.feature:17
17:00:08.726 [GatlingSystem-akka.actor.default-dispatcher-30] INFO  com.intuit.karate - karate.env system property was: null 
17:00:09.126 [GatlingSystem-akka.actor.default-dispatcher-30] ERROR com.intuit.karate - classpath:conduitApp/performance/createArticle.feature:17
Then status 200
status code was: 422, expected: 200, response time in milliseconds: 380, url: https://api.realworld.io/api/articles, response: 
{"errors":{"title":["must be unique"]}}
classpath:conduitApp/performance/createArticle.feature:17
17:00:09.231 [GatlingSystem-akka.actor.default-dispatcher-47] INFO  com.intuit.karate - karate.env system property was: null 
17:00:09.533 [GatlingSystem-akka.actor.default-dispatcher-47] INFO  com.intuit.karate - [print] Chant1-196105 
17:00:09.724 [GatlingSystem-akka.actor.default-dispatcher-57] INFO  com.intuit.karate - karate.env system property was: null 
17:00:10.142 [GatlingSystem-akka.actor.default-dispatcher-57] INFO  com.intuit.karate - [print] Guitar1-196105 
17:00:10.222 [GatlingSystem-akka.actor.default-dispatcher-65] INFO  com.intuit.karate - karate.env system property was: null 
17:00:10.630 [GatlingSystem-akka.actor.default-dispatcher-65] ERROR com.intuit.karate - classpath:conduitApp/performance/createArticle.feature:17
Then status 200
status code was: 422, expected: 200, response time in milliseconds: 386, url: https://api.realworld.io/api/articles, response: 
{"errors":{"title":["must be unique"]}}
classpath:conduitApp/performance/createArticle.feature:17
17:00:10.727 [GatlingSystem-akka.actor.default-dispatcher-75] INFO  com.intuit.karate - karate.env system property was: null 
17:00:11.119 [GatlingSystem-akka.actor.default-dispatcher-75] ERROR com.intuit.karate - classpath:conduitApp/performance/createArticle.feature:17
Then status 200
status code was: 422, expected: 200, response time in milliseconds: 371, url: https://api.realworld.io/api/articles, response: 
{"errors":{"title":["must be unique"]}}
classpath:conduitApp/performance/createArticle.feature:17
17:00:11.212 [GatlingSystem-akka.actor.default-dispatcher-83] INFO  com.intuit.karate - karate.env system property was: null 
17:00:11.612 [GatlingSystem-akka.actor.default-dispatcher-83] ERROR com.intuit.karate - classpath:conduitApp/performance/createArticle.feature:17
Then status 200
status code was: 422, expected: 200, response time in milliseconds: 376, url: https://api.realworld.io/api/articles, response: 
{"errors":{"title":["must be unique"]}}
classpath:conduitApp/performance/createArticle.feature:17
17:00:11.722 [GatlingSystem-akka.actor.default-dispatcher-97] INFO  com.intuit.karate - karate.env system property was: null 
17:00:12.201 [GatlingSystem-akka.actor.default-dispatcher-97] ERROR com.intuit.karate - classpath:conduitApp/performance/createArticle.feature:17
Then status 200
status code was: 422, expected: 200, response time in milliseconds: 456, url: https://api.realworld.io/api/articles, response: 
{"errors":{"title":["must be unique"]}}
classpath:conduitApp/performance/createArticle.feature:17
17:00:12.225 [GatlingSystem-akka.actor.default-dispatcher-9] INFO  com.intuit.karate - karate.env system property was: null 
17:00:12.500 [GatlingSystem-akka.actor.default-dispatcher-9] ERROR com.intuit.karate - classpath:conduitApp/performance/createArticle.feature:17
Then status 200
status code was: 422, expected: 200, response time in milliseconds: 263, url: https://api.realworld.io/api/articles, response: 
{"errors":{"title":["must be unique"]}}
classpath:conduitApp/performance/createArticle.feature:17
17:00:12.725 [GatlingSystem-akka.actor.default-dispatcher-13] INFO  com.intuit.karate - karate.env system property was: null 
17:00:12.997 [GatlingSystem-akka.actor.default-dispatcher-13] ERROR com.intuit.karate - classpath:conduitApp/performance/createArticle.feature:17
Then status 200
status code was: 422, expected: 200, response time in milliseconds: 252, url: https://api.realworld.io/api/articles, response: 
{"errors":{"title":["must be unique"]}}
classpath:conduitApp/performance/createArticle.feature:17
17:00:13.226 [GatlingSystem-akka.actor.default-dispatcher-39] INFO  com.intuit.karate - karate.env system property was: null 
17:00:13.683 [GatlingSystem-akka.actor.default-dispatcher-39] INFO  com.intuit.karate - [print] Dabke1-196105 
17:00:13.721 [GatlingSystem-akka.actor.default-dispatcher-41] INFO  com.intuit.karate - karate.env system property was: null 
17:00:14.004 [GatlingSystem-akka.actor.default-dispatcher-41] ERROR com.intuit.karate - classpath:conduitApp/performance/createArticle.feature:17
Then status 200
status code was: 422, expected: 200, response time in milliseconds: 266, url: https://api.realworld.io/api/articles, response: 
{"errors":{"title":["must be unique"]}}
classpath:conduitApp/performance/createArticle.feature:17
17:00:14.220 [GatlingSystem-akka.actor.default-dispatcher-59] INFO  com.intuit.karate - karate.env system property was: null 
17:00:14.506 [GatlingSystem-akka.actor.default-dispatcher-59] ERROR com.intuit.karate - classpath:conduitApp/performance/createArticle.feature:17
Then status 200
status code was: 422, expected: 200, response time in milliseconds: 260, url: https://api.realworld.io/api/articles, response: 
{"errors":{"title":["must be unique"]}}
classpath:conduitApp/performance/createArticle.feature:17
17:00:14.725 [GatlingSystem-akka.actor.default-dispatcher-69] INFO  com.intuit.karate - karate.env system property was: null 
17:00:15.003 [GatlingSystem-akka.actor.default-dispatcher-69] ERROR com.intuit.karate - classpath:conduitApp/performance/createArticle.feature:17
Then status 200
status code was: 422, expected: 200, response time in milliseconds: 258, url: https://api.realworld.io/api/articles, response: 
{"errors":{"title":["must be unique"]}}
classpath:conduitApp/performance/createArticle.feature:17
17:00:15.221 [GatlingSystem-akka.actor.default-dispatcher-89] INFO  com.intuit.karate - karate.env system property was: null 
17:00:15.537 [GatlingSystem-akka.actor.default-dispatcher-89] INFO  com.intuit.karate - [print] Chant1-196105 
17:00:15.709 [GatlingSystem-akka.actor.default-dispatcher-97] INFO  com.intuit.karate - karate.env system property was: null 
17:00:16.141 [GatlingSystem-akka.actor.default-dispatcher-97] INFO  com.intuit.karate - [print] Guitar1-196105 
17:00:16.211 [GatlingSystem-akka.actor.default-dispatcher-6] INFO  com.intuit.karate - karate.env system property was: null 
17:00:16.494 [GatlingSystem-akka.actor.default-dispatcher-6] ERROR com.intuit.karate - classpath:conduitApp/performance/createArticle.feature:17
Then status 200
status code was: 422, expected: 200, response time in milliseconds: 272, url: https://api.realworld.io/api/articles, response: 
{"errors":{"title":["must be unique"]}}
classpath:conduitApp/performance/createArticle.feature:17
17:00:16.709 [GatlingSystem-akka.actor.default-dispatcher-12] INFO  com.intuit.karate - karate.env system property was: null 
17:00:16.987 [GatlingSystem-akka.actor.default-dispatcher-12] ERROR com.intuit.karate - classpath:conduitApp/performance/createArticle.feature:17
Then status 200
status code was: 422, expected: 200, response time in milliseconds: 259, url: https://api.realworld.io/api/articles, response: 
{"errors":{"title":["must be unique"]}}
classpath:conduitApp/performance/createArticle.feature:17
17:00:17.217 [GatlingSystem-akka.actor.default-dispatcher-29] INFO  com.intuit.karate - karate.env system property was: null 
17:00:17.504 [GatlingSystem-akka.actor.default-dispatcher-29] ERROR com.intuit.karate - classpath:conduitApp/performance/createArticle.feature:17
Then status 200
status code was: 422, expected: 200, response time in milliseconds: 270, url: https://api.realworld.io/api/articles, response: 
{"errors":{"title":["must be unique"]}}
classpath:conduitApp/performance/createArticle.feature:17
17:00:17.722 [GatlingSystem-akka.actor.default-dispatcher-44] INFO  com.intuit.karate - karate.env system property was: null 
17:00:17.986 [GatlingSystem-akka.actor.default-dispatcher-44] ERROR com.intuit.karate - classpath:conduitApp/performance/createArticle.feature:17
Then status 200
status code was: 422, expected: 200, response time in milliseconds: 244, url: https://api.realworld.io/api/articles, response: 
{"errors":{"title":["must be unique"]}}
classpath:conduitApp/performance/createArticle.feature:17
17:00:18.224 [GatlingSystem-akka.actor.default-dispatcher-55] INFO  com.intuit.karate - karate.env system property was: null 
17:00:18.505 [GatlingSystem-akka.actor.default-dispatcher-55] ERROR com.intuit.karate - classpath:conduitApp/performance/createArticle.feature:17
Then status 200
status code was: 422, expected: 200, response time in milliseconds: 265, url: https://api.realworld.io/api/articles, response: 
{"errors":{"title":["must be unique"]}}
classpath:conduitApp/performance/createArticle.feature:17
17:00:18.726 [GatlingSystem-akka.actor.default-dispatcher-64] INFO  com.intuit.karate - karate.env system property was: null 
17:00:19.005 [GatlingSystem-akka.actor.default-dispatcher-64] ERROR com.intuit.karate - classpath:conduitApp/performance/createArticle.feature:17
Then status 200
status code was: 422, expected: 200, response time in milliseconds: 260, url: https://api.realworld.io/api/articles, response: 
{"errors":{"title":["must be unique"]}}
classpath:conduitApp/performance/createArticle.feature:17
17:00:19.055 [GatlingSystem-akka.actor.default-dispatcher-85] INFO  com.intuit.karate - karate.env system property was: null 
17:00:19.357 [GatlingSystem-akka.actor.default-dispatcher-85] INFO  com.intuit.karate - [print] Dabke1-196105 
17:00:19.384 [GatlingSystem-akka.actor.default-dispatcher-90] INFO  com.intuit.karate - karate.env system property was: null 
17:00:19.640 [GatlingSystem-akka.actor.default-dispatcher-90] ERROR com.intuit.karate - classpath:conduitApp/performance/createArticle.feature:17
Then status 200
status code was: 422, expected: 200, response time in milliseconds: 245, url: https://api.realworld.io/api/articles, response: 
{"errors":{"title":["must be unique"]}}
classpath:conduitApp/performance/createArticle.feature:17
17:00:19.723 [GatlingSystem-akka.actor.default-dispatcher-99] INFO  com.intuit.karate - karate.env system property was: null 
17:00:19.964 [GatlingSystem-akka.actor.default-dispatcher-6] INFO  com.intuit.karate - karate.env system property was: null 
17:00:19.997 [GatlingSystem-akka.actor.default-dispatcher-99] ERROR com.intuit.karate - classpath:conduitApp/performance/createArticle.feature:17
Then status 200
status code was: 422, expected: 200, response time in milliseconds: 257, url: https://api.realworld.io/api/articles, response: 
{"errors":{"title":["must be unique"]}}
classpath:conduitApp/performance/createArticle.feature:17
17:00:20.222 [GatlingSystem-akka.actor.default-dispatcher-22] INFO  com.intuit.karate - karate.env system property was: null 
17:00:20.272 [GatlingSystem-akka.actor.default-dispatcher-6] ERROR com.intuit.karate - classpath:conduitApp/performance/createArticle.feature:17
Then status 200
status code was: 422, expected: 200, response time in milliseconds: 281, url: https://api.realworld.io/api/articles, response: 
{"errors":{"title":["must be unique"]}}
classpath:conduitApp/performance/createArticle.feature:17
17:00:20.470 [GatlingSystem-akka.actor.default-dispatcher-27] INFO  com.intuit.karate - karate.env system property was: null 
17:00:20.506 [GatlingSystem-akka.actor.default-dispatcher-22] ERROR com.intuit.karate - classpath:conduitApp/performance/createArticle.feature:17
Then status 200
status code was: 422, expected: 200, response time in milliseconds: 265, url: https://api.realworld.io/api/articles, response: 
{"errors":{"title":["must be unique"]}}
classpath:conduitApp/performance/createArticle.feature:17
17:00:20.725 [GatlingSystem-akka.actor.default-dispatcher-40] INFO  com.intuit.karate - karate.env system property was: null 
17:00:20.746 [GatlingSystem-akka.actor.default-dispatcher-27] ERROR com.intuit.karate - classpath:conduitApp/performance/createArticle.feature:17
Then status 200
status code was: 422, expected: 200, response time in milliseconds: 256, url: https://api.realworld.io/api/articles, response: 
{"errors":{"title":["must be unique"]}}
classpath:conduitApp/performance/createArticle.feature:17
17:00:20.958 [GatlingSystem-akka.actor.default-dispatcher-60] INFO  com.intuit.karate - karate.env system property was: null 
17:00:20.996 [GatlingSystem-akka.actor.default-dispatcher-40] ERROR com.intuit.karate - classpath:conduitApp/performance/createArticle.feature:17
Then status 200
status code was: 422, expected: 200, response time in milliseconds: 256, url: https://api.realworld.io/api/articles, response: 
{"errors":{"title":["must be unique"]}}
classpath:conduitApp/performance/createArticle.feature:17
17:00:21.220 [GatlingSystem-akka.actor.default-dispatcher-73] INFO  com.intuit.karate - karate.env system property was: null 
17:00:21.261 [GatlingSystem-akka.actor.default-dispatcher-60] INFO  com.intuit.karate - [print] Chant1-196105 
17:00:21.455 [GatlingSystem-akka.actor.default-dispatcher-76] INFO  com.intuit.karate - karate.env system property was: null 
17:00:21.510 [GatlingSystem-akka.actor.default-dispatcher-73] INFO  com.intuit.karate - [print] Guitar1-196105 
17:00:21.723 [GatlingSystem-akka.actor.default-dispatcher-86] INFO  com.intuit.karate - karate.env system property was: null 
17:00:21.728 [GatlingSystem-akka.actor.default-dispatcher-76] ERROR com.intuit.karate - classpath:conduitApp/performance/createArticle.feature:17
Then status 200
status code was: 422, expected: 200, response time in milliseconds: 261, url: https://api.realworld.io/api/articles, response: 
{"errors":{"title":["must be unique"]}}
classpath:conduitApp/performance/createArticle.feature:17
17:00:21.960 [GatlingSystem-akka.actor.default-dispatcher-98] INFO  com.intuit.karate - karate.env system property was: null 
17:00:21.994 [GatlingSystem-akka.actor.default-dispatcher-86] ERROR com.intuit.karate - classpath:conduitApp/performance/createArticle.feature:17
Then status 200
status code was: 422, expected: 200, response time in milliseconds: 253, url: https://api.realworld.io/api/articles, response: 
{"errors":{"title":["must be unique"]}}
classpath:conduitApp/performance/createArticle.feature:17
17:00:22.221 [GatlingSystem-akka.actor.default-dispatcher-11] INFO  com.intuit.karate - karate.env system property was: null 
17:00:22.227 [GatlingSystem-akka.actor.default-dispatcher-98] ERROR com.intuit.karate - classpath:conduitApp/performance/createArticle.feature:17
Then status 200
status code was: 422, expected: 200, response time in milliseconds: 258, url: https://api.realworld.io/api/articles, response: 
{"errors":{"title":["must be unique"]}}
classpath:conduitApp/performance/createArticle.feature:17
17:00:22.464 [GatlingSystem-akka.actor.default-dispatcher-6] INFO  com.intuit.karate - karate.env system property was: null 
17:00:22.494 [GatlingSystem-akka.actor.default-dispatcher-11] ERROR com.intuit.karate - classpath:conduitApp/performance/createArticle.feature:17
Then status 200
status code was: 422, expected: 200, response time in milliseconds: 258, url: https://api.realworld.io/api/articles, response: 
{"errors":{"title":["must be unique"]}}
classpath:conduitApp/performance/createArticle.feature:17
17:00:22.714 [GatlingSystem-akka.actor.default-dispatcher-22] INFO  com.intuit.karate - karate.env system property was: null 
17:00:22.736 [GatlingSystem-akka.actor.default-dispatcher-6] ERROR com.intuit.karate - classpath:conduitApp/performance/createArticle.feature:17
Then status 200
status code was: 422, expected: 200, response time in milliseconds: 252, url: https://api.realworld.io/api/articles, response: 
{"errors":{"title":["must be unique"]}}
classpath:conduitApp/performance/createArticle.feature:17
17:00:22.956 [GatlingSystem-akka.actor.default-dispatcher-27] INFO  com.intuit.karate - karate.env system property was: null 
17:00:22.986 [GatlingSystem-akka.actor.default-dispatcher-22] ERROR com.intuit.karate - classpath:conduitApp/performance/createArticle.feature:17
Then status 200
status code was: 422, expected: 200, response time in milliseconds: 250, url: https://api.realworld.io/api/articles, response: 
{"errors":{"title":["must be unique"]}}
classpath:conduitApp/performance/createArticle.feature:17
17:00:23.215 [GatlingSystem-akka.actor.default-dispatcher-27] ERROR com.intuit.karate - classpath:conduitApp/performance/createArticle.feature:17
Then status 200
status code was: 422, expected: 200, response time in milliseconds: 250, url: https://api.realworld.io/api/articles, response: 
{"errors":{"title":["must be unique"]}}
classpath:conduitApp/performance/createArticle.feature:17
17:00:23.217 [GatlingSystem-akka.actor.default-dispatcher-54] INFO  com.intuit.karate - karate.env system property was: null 
17:00:23.456 [GatlingSystem-akka.actor.default-dispatcher-67] INFO  com.intuit.karate - karate.env system property was: null 
17:00:23.481 [GatlingSystem-akka.actor.default-dispatcher-54] ERROR com.intuit.karate - classpath:conduitApp/performance/createArticle.feature:17
Then status 200
status code was: 422, expected: 200, response time in milliseconds: 246, url: https://api.realworld.io/api/articles, response: 
{"errors":{"title":["must be unique"]}}
classpath:conduitApp/performance/createArticle.feature:17
17:00:23.713 [GatlingSystem-akka.actor.default-dispatcher-97] INFO  com.intuit.karate - karate.env system property was: null 
17:00:23.720 [GatlingSystem-akka.actor.default-dispatcher-67] ERROR com.intuit.karate - classpath:conduitApp/performance/createArticle.feature:17
Then status 200
status code was: 422, expected: 200, response time in milliseconds: 256, url: https://api.realworld.io/api/articles, response: 
{"errors":{"title":["must be unique"]}}
classpath:conduitApp/performance/createArticle.feature:17
17:00:23.912 [GatlingSystem-akka.actor.default-dispatcher-76] INFO  com.intuit.karate - karate.env system property was: null 
17:00:24.044 [GatlingSystem-akka.actor.default-dispatcher-97] ERROR com.intuit.karate - classpath:conduitApp/performance/createArticle.feature:17
Then status 200
status code was: 422, expected: 200, response time in milliseconds: 311, url: https://api.realworld.io/api/articles, response: 
{"errors":{"title":["must be unique"]}}
classpath:conduitApp/performance/createArticle.feature:17
17:00:24.121 [GatlingSystem-akka.actor.default-dispatcher-4] INFO  com.intuit.karate - karate.env system property was: null 
17:00:24.203 [GatlingSystem-akka.actor.default-dispatcher-76] ERROR com.intuit.karate - classpath:conduitApp/performance/createArticle.feature:17
Then status 200
status code was: 422, expected: 200, response time in milliseconds: 274, url: https://api.realworld.io/api/articles, response: 
{"errors":{"title":["must be unique"]}}
classpath:conduitApp/performance/createArticle.feature:17
17:00:24.312 [GatlingSystem-akka.actor.default-dispatcher-98] INFO  com.intuit.karate - karate.env system property was: null 
17:00:24.398 [GatlingSystem-akka.actor.default-dispatcher-4] ERROR com.intuit.karate - classpath:conduitApp/performance/createArticle.feature:17
Then status 200
status code was: 422, expected: 200, response time in milliseconds: 267, url: https://api.realworld.io/api/articles, response: 
{"errors":{"title":["must be unique"]}}
classpath:conduitApp/performance/createArticle.feature:17
17:00:24.506 [GatlingSystem-akka.actor.default-dispatcher-12] INFO  com.intuit.karate - karate.env system property was: null 
17:00:24.595 [GatlingSystem-akka.actor.default-dispatcher-98] ERROR com.intuit.karate - classpath:conduitApp/performance/createArticle.feature:17
Then status 200
status code was: 422, expected: 200, response time in milliseconds: 263, url: https://api.realworld.io/api/articles, response: 
{"errors":{"title":["must be unique"]}}
classpath:conduitApp/performance/createArticle.feature:17
17:00:24.711 [GatlingSystem-akka.actor.default-dispatcher-30] INFO  com.intuit.karate - karate.env system property was: null 
17:00:24.772 [GatlingSystem-akka.actor.default-dispatcher-12] ERROR com.intuit.karate - classpath:conduitApp/performance/createArticle.feature:17
Then status 200
status code was: 422, expected: 200, response time in milliseconds: 257, url: https://api.realworld.io/api/articles, response: 
{"errors":{"title":["must be unique"]}}
classpath:conduitApp/performance/createArticle.feature:17
17:00:24.877 [GatlingSystem-akka.actor.default-dispatcher-89] INFO  com.intuit.karate - karate.env system property was: null 
17:00:24.993 [GatlingSystem-akka.actor.default-dispatcher-30] ERROR com.intuit.karate - classpath:conduitApp/performance/createArticle.feature:17
Then status 200
status code was: 422, expected: 200, response time in milliseconds: 265, url: https://api.realworld.io/api/articles, response: 
{"errors":{"title":["must be unique"]}}
classpath:conduitApp/performance/createArticle.feature:17
17:00:25.050 [GatlingSystem-akka.actor.default-dispatcher-62] INFO  com.intuit.karate - karate.env system property was: null 
17:00:25.176 [GatlingSystem-akka.actor.default-dispatcher-89] INFO  com.intuit.karate - [print] Dabke1-196105 
17:00:25.209 [GatlingSystem-akka.actor.default-dispatcher-54] INFO  com.intuit.karate - karate.env system property was: null 
17:00:25.306 [GatlingSystem-akka.actor.default-dispatcher-62] ERROR com.intuit.karate - classpath:conduitApp/performance/createArticle.feature:17
Then status 200
status code was: 422, expected: 200, response time in milliseconds: 246, url: https://api.realworld.io/api/articles, response: 
{"errors":{"title":["must be unique"]}}
classpath:conduitApp/performance/createArticle.feature:17
17:00:25.370 [GatlingSystem-akka.actor.default-dispatcher-64] INFO  com.intuit.karate - karate.env system property was: null 
17:00:25.487 [GatlingSystem-akka.actor.default-dispatcher-54] ERROR com.intuit.karate - classpath:conduitApp/performance/createArticle.feature:17
Then status 200
status code was: 422, expected: 200, response time in milliseconds: 264, url: https://api.realworld.io/api/articles, response: 
{"errors":{"title":["must be unique"]}}
classpath:conduitApp/performance/createArticle.feature:17
17:00:25.541 [GatlingSystem-akka.actor.default-dispatcher-84] INFO  com.intuit.karate - karate.env system property was: null 
17:00:25.626 [GatlingSystem-akka.actor.default-dispatcher-64] ERROR com.intuit.karate - classpath:conduitApp/performance/createArticle.feature:17
Then status 200
status code was: 422, expected: 200, response time in milliseconds: 251, url: https://api.realworld.io/api/articles, response: 
{"errors":{"title":["must be unique"]}}
classpath:conduitApp/performance/createArticle.feature:17
17:00:25.707 [GatlingSystem-akka.actor.default-dispatcher-101] INFO  com.intuit.karate - karate.env system property was: null 
17:00:25.795 [GatlingSystem-akka.actor.default-dispatcher-84] ERROR com.intuit.karate - classpath:conduitApp/performance/createArticle.feature:17
Then status 200
status code was: 422, expected: 200, response time in milliseconds: 247, url: https://api.realworld.io/api/articles, response: 
{"errors":{"title":["must be unique"]}}
classpath:conduitApp/performance/createArticle.feature:17
17:00:25.874 [GatlingSystem-akka.actor.default-dispatcher-9] INFO  com.intuit.karate - karate.env system property was: null 
17:00:25.963 [GatlingSystem-akka.actor.default-dispatcher-101] ERROR com.intuit.karate - classpath:conduitApp/performance/createArticle.feature:17
Then status 200
status code was: 422, expected: 200, response time in milliseconds: 250, url: https://api.realworld.io/api/articles, response: 
{"errors":{"title":["must be unique"]}}
classpath:conduitApp/performance/createArticle.feature:17
17:00:26.046 [GatlingSystem-akka.actor.default-dispatcher-25] INFO  com.intuit.karate - karate.env system property was: null 
17:00:26.149 [GatlingSystem-akka.actor.default-dispatcher-9] ERROR com.intuit.karate - classpath:conduitApp/performance/createArticle.feature:17
Then status 200
status code was: 422, expected: 200, response time in milliseconds: 265, url: https://api.realworld.io/api/articles, response: 
{"errors":{"title":["must be unique"]}}
classpath:conduitApp/performance/createArticle.feature:17
17:00:26.215 [GatlingSystem-akka.actor.default-dispatcher-85] INFO  com.intuit.karate - karate.env system property was: null 
17:00:26.325 [GatlingSystem-akka.actor.default-dispatcher-25] ERROR com.intuit.karate - classpath:conduitApp/performance/createArticle.feature:17
Then status 200
status code was: 422, expected: 200, response time in milliseconds: 261, url: https://api.realworld.io/api/articles, response: 
{"errors":{"title":["must be unique"]}}
classpath:conduitApp/performance/createArticle.feature:17
17:00:26.379 [GatlingSystem-akka.actor.default-dispatcher-44] INFO  com.intuit.karate - karate.env system property was: null 
17:00:26.497 [GatlingSystem-akka.actor.default-dispatcher-85] ERROR com.intuit.karate - classpath:conduitApp/performance/createArticle.feature:17
Then status 200
status code was: 422, expected: 200, response time in milliseconds: 267, url: https://api.realworld.io/api/articles, response: 
{"errors":{"title":["must be unique"]}}
classpath:conduitApp/performance/createArticle.feature:17
17:00:26.551 [GatlingSystem-akka.actor.default-dispatcher-56] INFO  com.intuit.karate - karate.env system property was: null 
17:00:26.681 [GatlingSystem-akka.actor.default-dispatcher-44] ERROR com.intuit.karate - classpath:conduitApp/performance/createArticle.feature:17
Then status 200
status code was: 422, expected: 200, response time in milliseconds: 290, url: https://api.realworld.io/api/articles, response: 
{"errors":{"title":["must be unique"]}}
classpath:conduitApp/performance/createArticle.feature:17
17:00:26.709 [GatlingSystem-akka.actor.default-dispatcher-39] INFO  com.intuit.karate - karate.env system property was: null 
17:00:26.837 [GatlingSystem-akka.actor.default-dispatcher-56] INFO  com.intuit.karate - [print] Chant1-196105 
17:00:26.875 [GatlingSystem-akka.actor.default-dispatcher-82] INFO  com.intuit.karate - karate.env system property was: null 
17:00:26.990 [GatlingSystem-akka.actor.default-dispatcher-39] INFO  com.intuit.karate - [print] Guitar1-196105 
17:00:27.043 [GatlingSystem-akka.actor.default-dispatcher-64] INFO  com.intuit.karate - karate.env system property was: null 
17:00:27.147 [GatlingSystem-akka.actor.default-dispatcher-82] ERROR com.intuit.karate - classpath:conduitApp/performance/createArticle.feature:17
Then status 200
status code was: 422, expected: 200, response time in milliseconds: 262, url: https://api.realworld.io/api/articles, response: 
{"errors":{"title":["must be unique"]}}
classpath:conduitApp/performance/createArticle.feature:17
17:00:27.221 [GatlingSystem-akka.actor.default-dispatcher-102] INFO  com.intuit.karate - karate.env system property was: null 
17:00:27.328 [GatlingSystem-akka.actor.default-dispatcher-64] ERROR com.intuit.karate - classpath:conduitApp/performance/createArticle.feature:17
Then status 200
status code was: 422, expected: 200, response time in milliseconds: 274, url: https://api.realworld.io/api/articles, response: 
{"errors":{"title":["must be unique"]}}
classpath:conduitApp/performance/createArticle.feature:17
17:00:27.374 [GatlingSystem-akka.actor.default-dispatcher-10] INFO  com.intuit.karate - karate.env system property was: null 
17:00:27.476 [GatlingSystem-akka.actor.default-dispatcher-102] ERROR com.intuit.karate - classpath:conduitApp/performance/createArticle.feature:17
Then status 200
status code was: 422, expected: 200, response time in milliseconds: 244, url: https://api.realworld.io/api/articles, response: 
{"errors":{"title":["must be unique"]}}
classpath:conduitApp/performance/createArticle.feature:17
17:00:27.539 [GatlingSystem-akka.actor.default-dispatcher-9] INFO  com.intuit.karate - karate.env system property was: null 
17:00:27.639 [GatlingSystem-akka.actor.default-dispatcher-10] ERROR com.intuit.karate - classpath:conduitApp/performance/createArticle.feature:17
Then status 200
status code was: 422, expected: 200, response time in milliseconds: 257, url: https://api.realworld.io/api/articles, response: 
{"errors":{"title":["must be unique"]}}
classpath:conduitApp/performance/createArticle.feature:17
17:00:27.711 [GatlingSystem-akka.actor.default-dispatcher-29] INFO  com.intuit.karate - karate.env system property was: null 
17:00:27.817 [GatlingSystem-akka.actor.default-dispatcher-9] ERROR com.intuit.karate - classpath:conduitApp/performance/createArticle.feature:17
Then status 200
status code was: 422, expected: 200, response time in milliseconds: 268, url: https://api.realworld.io/api/articles, response: 
{"errors":{"title":["must be unique"]}}
classpath:conduitApp/performance/createArticle.feature:17
17:00:27.876 [GatlingSystem-akka.actor.default-dispatcher-85] INFO  com.intuit.karate - karate.env system property was: null 
17:00:27.994 [GatlingSystem-akka.actor.default-dispatcher-29] ERROR com.intuit.karate - classpath:conduitApp/performance/createArticle.feature:17
Then status 200
status code was: 422, expected: 200, response time in milliseconds: 263, url: https://api.realworld.io/api/articles, response: 
{"errors":{"title":["must be unique"]}}
classpath:conduitApp/performance/createArticle.feature:17
17:00:28.049 [GatlingSystem-akka.actor.default-dispatcher-51] INFO  com.intuit.karate - karate.env system property was: null 
17:00:28.161 [GatlingSystem-akka.actor.default-dispatcher-85] ERROR com.intuit.karate - classpath:conduitApp/performance/createArticle.feature:17
Then status 200
status code was: 422, expected: 200, response time in milliseconds: 265, url: https://api.realworld.io/api/articles, response: 
{"errors":{"title":["must be unique"]}}
classpath:conduitApp/performance/createArticle.feature:17
17:00:28.203 [GatlingSystem-akka.actor.default-dispatcher-40] INFO  com.intuit.karate - karate.env system property was: null 
17:00:28.326 [GatlingSystem-akka.actor.default-dispatcher-51] ERROR com.intuit.karate - classpath:conduitApp/performance/createArticle.feature:17
Then status 200
status code was: 422, expected: 200, response time in milliseconds: 258, url: https://api.realworld.io/api/articles, response: 
{"errors":{"title":["must be unique"]}}
classpath:conduitApp/performance/createArticle.feature:17
17:00:28.375 [GatlingSystem-akka.actor.default-dispatcher-78] INFO  com.intuit.karate - karate.env system property was: null 
17:00:28.463 [GatlingSystem-akka.actor.default-dispatcher-40] ERROR com.intuit.karate - classpath:conduitApp/performance/createArticle.feature:17
Then status 200
status code was: 422, expected: 200, response time in milliseconds: 252, url: https://api.realworld.io/api/articles, response: 
{"errors":{"title":["must be unique"]}}
classpath:conduitApp/performance/createArticle.feature:17
17:00:28.537 [GatlingSystem-akka.actor.default-dispatcher-97] INFO  com.intuit.karate - karate.env system property was: null 
17:00:28.628 [GatlingSystem-akka.actor.default-dispatcher-78] ERROR com.intuit.karate - classpath:conduitApp/performance/createArticle.feature:17
Then status 200
status code was: 422, expected: 200, response time in milliseconds: 248, url: https://api.realworld.io/api/articles, response: 
{"errors":{"title":["must be unique"]}}
classpath:conduitApp/performance/createArticle.feature:17
17:00:28.716 [GatlingSystem-akka.actor.default-dispatcher-94] INFO  com.intuit.karate - karate.env system property was: null 
17:00:28.788 [GatlingSystem-akka.actor.default-dispatcher-97] ERROR com.intuit.karate - classpath:conduitApp/performance/createArticle.feature:17
Then status 200
status code was: 422, expected: 200, response time in milliseconds: 243, url: https://api.realworld.io/api/articles, response: 
{"errors":{"title":["must be unique"]}}
classpath:conduitApp/performance/createArticle.feature:17
17:00:28.851 [GatlingSystem-akka.actor.default-dispatcher-101] INFO  com.intuit.karate - karate.env system property was: null 
17:00:28.992 [GatlingSystem-akka.actor.default-dispatcher-94] ERROR com.intuit.karate - classpath:conduitApp/performance/createArticle.feature:17
Then status 200
status code was: 422, expected: 200, response time in milliseconds: 257, url: https://api.realworld.io/api/articles, response: 
{"errors":{"title":["must be unique"]}}
classpath:conduitApp/performance/createArticle.feature:17
17:00:29.001 [GatlingSystem-akka.actor.default-dispatcher-36] INFO  com.intuit.karate - karate.env system property was: null 
17:00:29.140 [GatlingSystem-akka.actor.default-dispatcher-95] INFO  com.intuit.karate - karate.env system property was: null 
17:00:29.157 [GatlingSystem-akka.actor.default-dispatcher-101] ERROR com.intuit.karate - classpath:conduitApp/performance/createArticle.feature:17
Then status 200
status code was: 422, expected: 200, response time in milliseconds: 280, url: https://api.realworld.io/api/articles, response: 
{"errors":{"title":["must be unique"]}}
classpath:conduitApp/performance/createArticle.feature:17
17:00:29.264 [GatlingSystem-akka.actor.default-dispatcher-36] ERROR com.intuit.karate - classpath:conduitApp/performance/createArticle.feature:17
Then status 200
status code was: 422, expected: 200, response time in milliseconds: 248, url: https://api.realworld.io/api/articles, response: 
{"errors":{"title":["must be unique"]}}
classpath:conduitApp/performance/createArticle.feature:17
17:00:29.285 [GatlingSystem-akka.actor.default-dispatcher-32] INFO  com.intuit.karate - karate.env system property was: null 
17:00:29.407 [GatlingSystem-akka.actor.default-dispatcher-95] ERROR com.intuit.karate - classpath:conduitApp/performance/createArticle.feature:17
Then status 200
status code was: 422, expected: 200, response time in milliseconds: 249, url: https://api.realworld.io/api/articles, response: 
{"errors":{"title":["must be unique"]}}
classpath:conduitApp/performance/createArticle.feature:17
17:00:29.422 [GatlingSystem-akka.actor.default-dispatcher-53] INFO  com.intuit.karate - karate.env system property was: null 
17:00:29.556 [GatlingSystem-akka.actor.default-dispatcher-32] ERROR com.intuit.karate - classpath:conduitApp/performance/createArticle.feature:17
Then status 200
status code was: 422, expected: 200, response time in milliseconds: 253, url: https://api.realworld.io/api/articles, response: 
{"errors":{"title":["must be unique"]}}
classpath:conduitApp/performance/createArticle.feature:17
17:00:29.568 [GatlingSystem-akka.actor.default-dispatcher-68] INFO  com.intuit.karate - karate.env system property was: null 
17:00:29.711 [GatlingSystem-akka.actor.default-dispatcher-65] INFO  com.intuit.karate - karate.env system property was: null 
17:00:29.732 [GatlingSystem-akka.actor.default-dispatcher-53] ERROR com.intuit.karate - classpath:conduitApp/performance/createArticle.feature:17
Then status 200
status code was: 422, expected: 200, response time in milliseconds: 303, url: https://api.realworld.io/api/articles, response: 
{"errors":{"title":["must be unique"]}}
classpath:conduitApp/performance/createArticle.feature:17
17:00:29.835 [GatlingSystem-akka.actor.default-dispatcher-67] INFO  com.intuit.karate - karate.env system property was: null 
17:00:29.842 [GatlingSystem-akka.actor.default-dispatcher-68] ERROR com.intuit.karate - classpath:conduitApp/performance/createArticle.feature:17
Then status 200
status code was: 422, expected: 200, response time in milliseconds: 266, url: https://api.realworld.io/api/articles, response: 
{"errors":{"title":["must be unique"]}}
classpath:conduitApp/performance/createArticle.feature:17
17:00:29.958 [GatlingSystem-akka.actor.default-dispatcher-90] INFO  com.intuit.karate - karate.env system property was: null 
17:00:29.988 [GatlingSystem-akka.actor.default-dispatcher-65] ERROR com.intuit.karate - classpath:conduitApp/performance/createArticle.feature:17
Then status 200
status code was: 422, expected: 200, response time in milliseconds: 257, url: https://api.realworld.io/api/articles, response: 
{"errors":{"title":["must be unique"]}}
classpath:conduitApp/performance/createArticle.feature:17
17:00:30.089 [GatlingSystem-akka.actor.default-dispatcher-97] INFO  com.intuit.karate - karate.env system property was: null 
17:00:30.113 [GatlingSystem-akka.actor.default-dispatcher-67] ERROR com.intuit.karate - classpath:conduitApp/performance/createArticle.feature:17
Then status 200
status code was: 422, expected: 200, response time in milliseconds: 263, url: https://api.realworld.io/api/articles, response: 
{"errors":{"title":["must be unique"]}}
classpath:conduitApp/performance/createArticle.feature:17
17:00:30.211 [GatlingSystem-akka.actor.default-dispatcher-102] INFO  com.intuit.karate - karate.env system property was: null 
17:00:30.227 [GatlingSystem-akka.actor.default-dispatcher-90] ERROR com.intuit.karate - classpath:conduitApp/performance/createArticle.feature:17
Then status 200
status code was: 422, expected: 200, response time in milliseconds: 260, url: https://api.realworld.io/api/articles, response: 
{"errors":{"title":["must be unique"]}}
classpath:conduitApp/performance/createArticle.feature:17
17:00:30.336 [GatlingSystem-akka.actor.default-dispatcher-10] INFO  com.intuit.karate - karate.env system property was: null 
17:00:30.368 [GatlingSystem-akka.actor.default-dispatcher-97] ERROR com.intuit.karate - classpath:conduitApp/performance/createArticle.feature:17
Then status 200
status code was: 422, expected: 200, response time in milliseconds: 255, url: https://api.realworld.io/api/articles, response: 
{"errors":{"title":["must be unique"]}}
classpath:conduitApp/performance/createArticle.feature:17
17:00:30.462 [GatlingSystem-akka.actor.default-dispatcher-6] INFO  com.intuit.karate - karate.env system property was: null 
17:00:30.497 [GatlingSystem-akka.actor.default-dispatcher-102] ERROR com.intuit.karate - classpath:conduitApp/performance/createArticle.feature:17
Then status 200
status code was: 422, expected: 200, response time in milliseconds: 265, url: https://api.realworld.io/api/articles, response: 
{"errors":{"title":["must be unique"]}}
classpath:conduitApp/performance/createArticle.feature:17
17:00:30.585 [GatlingSystem-akka.actor.default-dispatcher-60] INFO  com.intuit.karate - karate.env system property was: null 
17:00:30.612 [GatlingSystem-akka.actor.default-dispatcher-10] ERROR com.intuit.karate - classpath:conduitApp/performance/createArticle.feature:17
Then status 200
status code was: 422, expected: 200, response time in milliseconds: 262, url: https://api.realworld.io/api/articles, response: 
{"errors":{"title":["must be unique"]}}
classpath:conduitApp/performance/createArticle.feature:17
17:00:30.710 [GatlingSystem-akka.actor.default-dispatcher-44] INFO  com.intuit.karate - karate.env system property was: null 
17:00:30.750 [GatlingSystem-akka.actor.default-dispatcher-6] INFO  com.intuit.karate - [print] Dabke1-196105 
17:00:30.831 [GatlingSystem-akka.actor.default-dispatcher-62] INFO  com.intuit.karate - karate.env system property was: null 
17:00:30.843 [GatlingSystem-akka.actor.default-dispatcher-60] ERROR com.intuit.karate - classpath:conduitApp/performance/createArticle.feature:17
Then status 200
status code was: 422, expected: 200, response time in milliseconds: 248, url: https://api.realworld.io/api/articles, response: 
{"errors":{"title":["must be unique"]}}
classpath:conduitApp/performance/createArticle.feature:17
17:00:30.955 [GatlingSystem-akka.actor.default-dispatcher-54] INFO  com.intuit.karate - karate.env system property was: null 
17:00:30.993 [GatlingSystem-akka.actor.default-dispatcher-44] ERROR com.intuit.karate - classpath:conduitApp/performance/createArticle.feature:17
Then status 200
status code was: 422, expected: 200, response time in milliseconds: 269, url: https://api.realworld.io/api/articles, response: 
{"errors":{"title":["must be unique"]}}
classpath:conduitApp/performance/createArticle.feature:17
17:00:31.085 [GatlingSystem-akka.actor.default-dispatcher-62] ERROR com.intuit.karate - classpath:conduitApp/performance/createArticle.feature:17
Then status 200
status code was: 422, expected: 200, response time in milliseconds: 246, url: https://api.realworld.io/api/articles, response: 
{"errors":{"title":["must be unique"]}}
classpath:conduitApp/performance/createArticle.feature:17
17:00:31.088 [GatlingSystem-akka.actor.default-dispatcher-87] INFO  com.intuit.karate - karate.env system property was: null 
17:00:31.205 [GatlingSystem-akka.actor.default-dispatcher-64] INFO  com.intuit.karate - karate.env system property was: null 
17:00:31.206 [GatlingSystem-akka.actor.default-dispatcher-54] ERROR com.intuit.karate - classpath:conduitApp/performance/createArticle.feature:17
Then status 200
status code was: 422, expected: 200, response time in milliseconds: 244, url: https://api.realworld.io/api/articles, response: 
{"errors":{"title":["must be unique"]}}
classpath:conduitApp/performance/createArticle.feature:17
17:00:31.343 [GatlingSystem-akka.actor.default-dispatcher-14] INFO  com.intuit.karate - karate.env system property was: null 
17:00:31.350 [GatlingSystem-akka.actor.default-dispatcher-87] ERROR com.intuit.karate - classpath:conduitApp/performance/createArticle.feature:17
Then status 200
status code was: 422, expected: 200, response time in milliseconds: 250, url: https://api.realworld.io/api/articles, response: 
{"errors":{"title":["must be unique"]}}
classpath:conduitApp/performance/createArticle.feature:17
17:00:31.461 [GatlingSystem-akka.actor.default-dispatcher-98] INFO  com.intuit.karate - karate.env system property was: null 
17:00:31.480 [GatlingSystem-akka.actor.default-dispatcher-64] ERROR com.intuit.karate - classpath:conduitApp/performance/createArticle.feature:17
Then status 200
status code was: 422, expected: 200, response time in milliseconds: 266, url: https://api.realworld.io/api/articles, response: 
{"errors":{"title":["must be unique"]}}
classpath:conduitApp/performance/createArticle.feature:17
17:00:31.587 [GatlingSystem-akka.actor.default-dispatcher-36] INFO  com.intuit.karate - karate.env system property was: null 
17:00:31.621 [GatlingSystem-akka.actor.default-dispatcher-14] ERROR com.intuit.karate - classpath:conduitApp/performance/createArticle.feature:17
Then status 200
status code was: 422, expected: 200, response time in milliseconds: 262, url: https://api.realworld.io/api/articles, response: 
{"errors":{"title":["must be unique"]}}
classpath:conduitApp/performance/createArticle.feature:17
17:00:31.710 [GatlingSystem-akka.actor.default-dispatcher-95] INFO  com.intuit.karate - karate.env system property was: null 
17:00:31.737 [GatlingSystem-akka.actor.default-dispatcher-98] ERROR com.intuit.karate - classpath:conduitApp/performance/createArticle.feature:17
Then status 200
status code was: 422, expected: 200, response time in milliseconds: 257, url: https://api.realworld.io/api/articles, response: 
{"errors":{"title":["must be unique"]}}
classpath:conduitApp/performance/createArticle.feature:17
17:00:31.835 [GatlingSystem-akka.actor.default-dispatcher-59] INFO  com.intuit.karate - karate.env system property was: null 
17:00:31.858 [GatlingSystem-akka.actor.default-dispatcher-36] ERROR com.intuit.karate - classpath:conduitApp/performance/createArticle.feature:17
Then status 200
status code was: 422, expected: 200, response time in milliseconds: 254, url: https://api.realworld.io/api/articles, response: 
{"errors":{"title":["must be unique"]}}
classpath:conduitApp/performance/createArticle.feature:17
17:00:31.968 [GatlingSystem-akka.actor.default-dispatcher-66] INFO  com.intuit.karate - karate.env system property was: null 
17:00:31.983 [GatlingSystem-akka.actor.default-dispatcher-95] ERROR com.intuit.karate - classpath:conduitApp/performance/createArticle.feature:17
Then status 200
status code was: 422, expected: 200, response time in milliseconds: 254, url: https://api.realworld.io/api/articles, response: 
{"errors":{"title":["must be unique"]}}
classpath:conduitApp/performance/createArticle.feature:17
17:00:32.081 [GatlingSystem-akka.actor.default-dispatcher-73] INFO  com.intuit.karate - karate.env system property was: null 
17:00:32.105 [GatlingSystem-akka.actor.default-dispatcher-59] ERROR com.intuit.karate - classpath:conduitApp/performance/createArticle.feature:17
Then status 200
status code was: 422, expected: 200, response time in milliseconds: 258, url: https://api.realworld.io/api/articles, response: 
{"errors":{"title":["must be unique"]}}
classpath:conduitApp/performance/createArticle.feature:17
17:00:32.212 [GatlingSystem-akka.actor.default-dispatcher-65] INFO  com.intuit.karate - karate.env system property was: null 
17:00:32.285 [GatlingSystem-akka.actor.default-dispatcher-66] ERROR com.intuit.karate - classpath:conduitApp/performance/createArticle.feature:17
Then status 200
status code was: 422, expected: 200, response time in milliseconds: 301, url: https://api.realworld.io/api/articles, response: 
{"errors":{"title":["must be unique"]}}
classpath:conduitApp/performance/createArticle.feature:17
17:00:32.340 [GatlingSystem-akka.actor.default-dispatcher-15] INFO  com.intuit.karate - karate.env system property was: null 
17:00:32.368 [GatlingSystem-akka.actor.default-dispatcher-73] INFO  com.intuit.karate - [print] Chant1-196105 
17:00:32.468 [GatlingSystem-akka.actor.default-dispatcher-21] INFO  com.intuit.karate - karate.env system property was: null 
17:00:32.535 [GatlingSystem-akka.actor.default-dispatcher-65] INFO  com.intuit.karate - [print] Guitar1-196105 
17:00:32.581 [GatlingSystem-akka.actor.default-dispatcher-64] INFO  com.intuit.karate - karate.env system property was: null 
17:00:32.599 [GatlingSystem-akka.actor.default-dispatcher-15] ERROR com.intuit.karate - classpath:conduitApp/performance/createArticle.feature:17
Then status 200
status code was: 422, expected: 200, response time in milliseconds: 246, url: https://api.realworld.io/api/articles, response: 
{"errors":{"title":["must be unique"]}}
classpath:conduitApp/performance/createArticle.feature:17
17:00:32.705 [GatlingSystem-akka.actor.default-dispatcher-89] INFO  com.intuit.karate - karate.env system property was: null 
17:00:32.745 [GatlingSystem-akka.actor.default-dispatcher-21] ERROR com.intuit.karate - classpath:conduitApp/performance/createArticle.feature:17
Then status 200
status code was: 422, expected: 200, response time in milliseconds: 259, url: https://api.realworld.io/api/articles, response: 
{"errors":{"title":["must be unique"]}}
classpath:conduitApp/performance/createArticle.feature:17
17:00:32.829 [GatlingSystem-akka.actor.default-dispatcher-98] INFO  com.intuit.karate - karate.env system property was: null 
17:00:32.860 [GatlingSystem-akka.actor.default-dispatcher-64] ERROR com.intuit.karate - classpath:conduitApp/performance/createArticle.feature:17
Then status 200
status code was: 422, expected: 200, response time in milliseconds: 272, url: https://api.realworld.io/api/articles, response: 
{"errors":{"title":["must be unique"]}}
classpath:conduitApp/performance/createArticle.feature:17
17:00:32.958 [GatlingSystem-akka.actor.default-dispatcher-32] INFO  com.intuit.karate - karate.env system property was: null 
17:00:32.976 [GatlingSystem-akka.actor.default-dispatcher-89] ERROR com.intuit.karate - classpath:conduitApp/performance/createArticle.feature:17
Then status 200
status code was: 422, expected: 200, response time in milliseconds: 266, url: https://api.realworld.io/api/articles, response: 
{"errors":{"title":["must be unique"]}}
classpath:conduitApp/performance/createArticle.feature:17
17:00:33.092 [GatlingSystem-akka.actor.default-dispatcher-61] INFO  com.intuit.karate - karate.env system property was: null 
17:00:33.110 [GatlingSystem-akka.actor.default-dispatcher-98] ERROR com.intuit.karate - classpath:conduitApp/performance/createArticle.feature:17
Then status 200
status code was: 422, expected: 200, response time in milliseconds: 274, url: https://api.realworld.io/api/articles, response: 
{"errors":{"title":["must be unique"]}}
classpath:conduitApp/performance/createArticle.feature:17
17:00:33.209 [GatlingSystem-akka.actor.default-dispatcher-59] INFO  com.intuit.karate - karate.env system property was: null 
17:00:33.263 [GatlingSystem-akka.actor.default-dispatcher-32] ERROR com.intuit.karate - classpath:conduitApp/performance/createArticle.feature:17
Then status 200
status code was: 422, expected: 200, response time in milliseconds: 294, url: https://api.realworld.io/api/articles, response: 
{"errors":{"title":["must be unique"]}}
classpath:conduitApp/performance/createArticle.feature:17
17:00:33.340 [GatlingSystem-akka.actor.default-dispatcher-88] INFO  com.intuit.karate - karate.env system property was: null 
17:00:33.356 [GatlingSystem-akka.actor.default-dispatcher-61] ERROR com.intuit.karate - classpath:conduitApp/performance/createArticle.feature:17
Then status 200
status code was: 422, expected: 200, response time in milliseconds: 247, url: https://api.realworld.io/api/articles, response: 
{"errors":{"title":["must be unique"]}}
classpath:conduitApp/performance/createArticle.feature:17
17:00:33.454 [GatlingSystem-akka.actor.default-dispatcher-76] INFO  com.intuit.karate - karate.env system property was: null 
17:00:33.486 [GatlingSystem-akka.actor.default-dispatcher-59] ERROR com.intuit.karate - classpath:conduitApp/performance/createArticle.feature:17
Then status 200
status code was: 422, expected: 200, response time in milliseconds: 260, url: https://api.realworld.io/api/articles, response: 
{"errors":{"title":["must be unique"]}}
classpath:conduitApp/performance/createArticle.feature:17
17:00:33.582 [GatlingSystem-akka.actor.default-dispatcher-8] INFO  com.intuit.karate - karate.env system property was: null 
17:00:33.599 [GatlingSystem-akka.actor.default-dispatcher-88] ERROR com.intuit.karate - classpath:conduitApp/performance/createArticle.feature:17
Then status 200
status code was: 422, expected: 200, response time in milliseconds: 248, url: https://api.realworld.io/api/articles, response: 
{"errors":{"title":["must be unique"]}}
classpath:conduitApp/performance/createArticle.feature:17
17:00:33.707 [GatlingSystem-akka.actor.default-dispatcher-20] INFO  com.intuit.karate - karate.env system property was: null 
17:00:33.715 [GatlingSystem-akka.actor.default-dispatcher-76] ERROR com.intuit.karate - classpath:conduitApp/performance/createArticle.feature:17
Then status 200
status code was: 422, expected: 200, response time in milliseconds: 258, url: https://api.realworld.io/api/articles, response: 
{"errors":{"title":["must be unique"]}}
classpath:conduitApp/performance/createArticle.feature:17
17:00:33.826 [GatlingSystem-akka.actor.default-dispatcher-35] INFO  com.intuit.karate - karate.env system property was: null 
17:00:33.839 [GatlingSystem-akka.actor.default-dispatcher-8] ERROR com.intuit.karate - classpath:conduitApp/performance/createArticle.feature:17
Then status 200
status code was: 422, expected: 200, response time in milliseconds: 251, url: https://api.realworld.io/api/articles, response: 
{"errors":{"title":["must be unique"]}}
classpath:conduitApp/performance/createArticle.feature:17
17:00:33.933 [GatlingSystem-akka.actor.default-dispatcher-22] INFO  com.intuit.karate - karate.env system property was: null 
17:00:33.964 [GatlingSystem-akka.actor.default-dispatcher-20] ERROR com.intuit.karate - classpath:conduitApp/performance/createArticle.feature:17
Then status 200
status code was: 422, expected: 200, response time in milliseconds: 249, url: https://api.realworld.io/api/articles, response: 
{"errors":{"title":["must be unique"]}}
classpath:conduitApp/performance/createArticle.feature:17
17:00:34.044 [GatlingSystem-akka.actor.default-dispatcher-41] INFO  com.intuit.karate - karate.env system property was: null 
17:00:34.098 [GatlingSystem-akka.actor.default-dispatcher-35] ERROR com.intuit.karate - classpath:conduitApp/performance/createArticle.feature:17
Then status 200
status code was: 422, expected: 200, response time in milliseconds: 256, url: https://api.realworld.io/api/articles, response: 
{"errors":{"title":["must be unique"]}}
classpath:conduitApp/performance/createArticle.feature:17
17:00:34.156 [GatlingSystem-akka.actor.default-dispatcher-23] INFO  com.intuit.karate - karate.env system property was: null 
17:00:34.214 [GatlingSystem-akka.actor.default-dispatcher-22] ERROR com.intuit.karate - classpath:conduitApp/performance/createArticle.feature:17
Then status 200
status code was: 422, expected: 200, response time in milliseconds: 264, url: https://api.realworld.io/api/articles, response: 
{"errors":{"title":["must be unique"]}}
classpath:conduitApp/performance/createArticle.feature:17
17:00:34.271 [GatlingSystem-akka.actor.default-dispatcher-74] INFO  com.intuit.karate - karate.env system property was: null 
17:00:34.323 [GatlingSystem-akka.actor.default-dispatcher-41] ERROR com.intuit.karate - classpath:conduitApp/performance/createArticle.feature:17
Then status 200
status code was: 422, expected: 200, response time in milliseconds: 260, url: https://api.realworld.io/api/articles, response: 
{"errors":{"title":["must be unique"]}}
classpath:conduitApp/performance/createArticle.feature:17
17:00:34.371 [GatlingSystem-akka.actor.default-dispatcher-69] INFO  com.intuit.karate - karate.env system property was: null 
17:00:34.431 [GatlingSystem-akka.actor.default-dispatcher-23] ERROR com.intuit.karate - classpath:conduitApp/performance/createArticle.feature:17
Then status 200
status code was: 422, expected: 200, response time in milliseconds: 263, url: https://api.realworld.io/api/articles, response: 
{"errors":{"title":["must be unique"]}}
classpath:conduitApp/performance/createArticle.feature:17
17:00:34.486 [GatlingSystem-akka.actor.default-dispatcher-91] INFO  com.intuit.karate - karate.env system property was: null 
17:00:34.541 [GatlingSystem-akka.actor.default-dispatcher-74] ERROR com.intuit.karate - classpath:conduitApp/performance/createArticle.feature:17
Then status 200
status code was: 422, expected: 200, response time in milliseconds: 259, url: https://api.realworld.io/api/articles, response: 
{"errors":{"title":["must be unique"]}}
classpath:conduitApp/performance/createArticle.feature:17
17:00:34.594 [GatlingSystem-akka.actor.default-dispatcher-5] INFO  com.intuit.karate - karate.env system property was: null 
17:00:34.638 [GatlingSystem-akka.actor.default-dispatcher-69] ERROR com.intuit.karate - classpath:conduitApp/performance/createArticle.feature:17
Then status 200
status code was: 422, expected: 200, response time in milliseconds: 261, url: https://api.realworld.io/api/articles, response: 
{"errors":{"title":["must be unique"]}}
classpath:conduitApp/performance/createArticle.feature:17
17:00:34.706 [GatlingSystem-akka.actor.default-dispatcher-18] INFO  com.intuit.karate - karate.env system property was: null 
17:00:34.759 [GatlingSystem-akka.actor.default-dispatcher-91] ERROR com.intuit.karate - classpath:conduitApp/performance/createArticle.feature:17
Then status 200
status code was: 422, expected: 200, response time in milliseconds: 263, url: https://api.realworld.io/api/articles, response: 
{"errors":{"title":["must be unique"]}}
classpath:conduitApp/performance/createArticle.feature:17
17:00:34.806 [GatlingSystem-akka.actor.default-dispatcher-34] INFO  com.intuit.karate - karate.env system property was: null 
17:00:34.847 [GatlingSystem-akka.actor.default-dispatcher-5] ERROR com.intuit.karate - classpath:conduitApp/performance/createArticle.feature:17
Then status 200
status code was: 422, expected: 200, response time in milliseconds: 246, url: https://api.realworld.io/api/articles, response: 
{"errors":{"title":["must be unique"]}}
classpath:conduitApp/performance/createArticle.feature:17
17:00:34.906 [GatlingSystem-akka.actor.default-dispatcher-45] INFO  com.intuit.karate - karate.env system property was: null 
17:00:34.959 [GatlingSystem-akka.actor.default-dispatcher-18] ERROR com.intuit.karate - classpath:conduitApp/performance/createArticle.feature:17
Then status 200
status code was: 422, expected: 200, response time in milliseconds: 249, url: https://api.realworld.io/api/articles, response: 
{"errors":{"title":["must be unique"]}}
classpath:conduitApp/performance/createArticle.feature:17
17:00:35.003 [GatlingSystem-akka.actor.default-dispatcher-10] INFO  com.intuit.karate - karate.env system property was: null 
17:00:35.061 [GatlingSystem-akka.actor.default-dispatcher-34] ERROR com.intuit.karate - classpath:conduitApp/performance/createArticle.feature:17
Then status 200
status code was: 422, expected: 200, response time in milliseconds: 247, url: https://api.realworld.io/api/articles, response: 
{"errors":{"title":["must be unique"]}}
classpath:conduitApp/performance/createArticle.feature:17
17:00:35.105 [GatlingSystem-akka.actor.default-dispatcher-52] INFO  com.intuit.karate - karate.env system property was: null 
17:00:35.154 [GatlingSystem-akka.actor.default-dispatcher-45] ERROR com.intuit.karate - classpath:conduitApp/performance/createArticle.feature:17
Then status 200
status code was: 422, expected: 200, response time in milliseconds: 241, url: https://api.realworld.io/api/articles, response: 
{"errors":{"title":["must be unique"]}}
classpath:conduitApp/performance/createArticle.feature:17
17:00:35.205 [GatlingSystem-akka.actor.default-dispatcher-60] INFO  com.intuit.karate - karate.env system property was: null 
17:00:35.270 [GatlingSystem-akka.actor.default-dispatcher-10] ERROR com.intuit.karate - classpath:conduitApp/performance/createArticle.feature:17
Then status 200
status code was: 422, expected: 200, response time in milliseconds: 262, url: https://api.realworld.io/api/articles, response: 
{"errors":{"title":["must be unique"]}}
classpath:conduitApp/performance/createArticle.feature:17
17:00:35.308 [GatlingSystem-akka.actor.default-dispatcher-78] INFO  com.intuit.karate - karate.env system property was: null 
17:00:35.371 [GatlingSystem-akka.actor.default-dispatcher-52] ERROR com.intuit.karate - classpath:conduitApp/performance/createArticle.feature:17
Then status 200
status code was: 422, expected: 200, response time in milliseconds: 256, url: https://api.realworld.io/api/articles, response: 
{"errors":{"title":["must be unique"]}}
classpath:conduitApp/performance/createArticle.feature:17
17:00:35.410 [GatlingSystem-akka.actor.default-dispatcher-62] INFO  com.intuit.karate - karate.env system property was: null 
17:00:35.476 [GatlingSystem-akka.actor.default-dispatcher-60] ERROR com.intuit.karate - classpath:conduitApp/performance/createArticle.feature:17
Then status 200
status code was: 422, expected: 200, response time in milliseconds: 265, url: https://api.realworld.io/api/articles, response: 
{"errors":{"title":["must be unique"]}}
classpath:conduitApp/performance/createArticle.feature:17
17:00:35.508 [GatlingSystem-akka.actor.default-dispatcher-103] INFO  com.intuit.karate - karate.env system property was: null 
17:00:35.577 [GatlingSystem-akka.actor.default-dispatcher-78] ERROR com.intuit.karate - classpath:conduitApp/performance/createArticle.feature:17
Then status 200
status code was: 422, expected: 200, response time in milliseconds: 259, url: https://api.realworld.io/api/articles, response: 
{"errors":{"title":["must be unique"]}}
classpath:conduitApp/performance/createArticle.feature:17
17:00:35.607 [GatlingSystem-akka.actor.default-dispatcher-17] INFO  com.intuit.karate - karate.env system property was: null 
17:00:35.685 [GatlingSystem-akka.actor.default-dispatcher-62] ERROR com.intuit.karate - classpath:conduitApp/performance/createArticle.feature:17
Then status 200
status code was: 422, expected: 200, response time in milliseconds: 256, url: https://api.realworld.io/api/articles, response: 
{"errors":{"title":["must be unique"]}}
classpath:conduitApp/performance/createArticle.feature:17
17:00:35.707 [GatlingSystem-akka.actor.default-dispatcher-28] INFO  com.intuit.karate - karate.env system property was: null 
17:00:35.760 [GatlingSystem-akka.actor.default-dispatcher-103] ERROR com.intuit.karate - classpath:conduitApp/performance/createArticle.feature:17
Then status 200
status code was: 422, expected: 200, response time in milliseconds: 244, url: https://api.realworld.io/api/articles, response: 
{"errors":{"title":["must be unique"]}}
classpath:conduitApp/performance/createArticle.feature:17
17:00:35.806 [GatlingSystem-akka.actor.default-dispatcher-38] INFO  com.intuit.karate - karate.env system property was: null 
17:00:35.871 [GatlingSystem-akka.actor.default-dispatcher-17] ERROR com.intuit.karate - classpath:conduitApp/performance/createArticle.feature:17
Then status 200
status code was: 422, expected: 200, response time in milliseconds: 257, url: https://api.realworld.io/api/articles, response: 
{"errors":{"title":["must be unique"]}}
classpath:conduitApp/performance/createArticle.feature:17
17:00:35.904 [GatlingSystem-akka.actor.default-dispatcher-46] INFO  com.intuit.karate - karate.env system property was: null 
17:00:36.004 [GatlingSystem-akka.actor.default-dispatcher-34] INFO  com.intuit.karate - karate.env system property was: null 
17:00:36.029 [GatlingSystem-akka.actor.default-dispatcher-28] ERROR com.intuit.karate - classpath:conduitApp/performance/createArticle.feature:17
Then status 200
status code was: 422, expected: 200, response time in milliseconds: 314, url: https://api.realworld.io/api/articles, response: 
{"errors":{"title":["must be unique"]}}
classpath:conduitApp/performance/createArticle.feature:17
17:00:36.072 [GatlingSystem-akka.actor.default-dispatcher-38] ERROR com.intuit.karate - classpath:conduitApp/performance/createArticle.feature:17
Then status 200
status code was: 422, expected: 200, response time in milliseconds: 260, url: https://api.realworld.io/api/articles, response: 
{"errors":{"title":["must be unique"]}}
classpath:conduitApp/performance/createArticle.feature:17
17:00:36.104 [GatlingSystem-akka.actor.default-dispatcher-44] INFO  com.intuit.karate - karate.env system property was: null 
17:00:36.158 [GatlingSystem-akka.actor.default-dispatcher-46] ERROR com.intuit.karate - classpath:conduitApp/performance/createArticle.feature:17
Then status 200
status code was: 422, expected: 200, response time in milliseconds: 248, url: https://api.realworld.io/api/articles, response: 
{"errors":{"title":["must be unique"]}}
classpath:conduitApp/performance/createArticle.feature:17
17:00:36.214 [GatlingSystem-akka.actor.default-dispatcher-81] INFO  com.intuit.karate - karate.env system property was: null 
17:00:36.277 [GatlingSystem-akka.actor.default-dispatcher-34] INFO  com.intuit.karate - [print] Dabke1-196105 
17:00:36.309 [GatlingSystem-akka.actor.default-dispatcher-57] INFO  com.intuit.karate - karate.env system property was: null 
17:00:36.365 [GatlingSystem-akka.actor.default-dispatcher-44] ERROR com.intuit.karate - classpath:conduitApp/performance/createArticle.feature:17
Then status 200
status code was: 422, expected: 200, response time in milliseconds: 253, url: https://api.realworld.io/api/articles, response: 
{"errors":{"title":["must be unique"]}}
classpath:conduitApp/performance/createArticle.feature:17
17:00:36.409 [GatlingSystem-akka.actor.default-dispatcher-54] INFO  com.intuit.karate - karate.env system property was: null 
17:00:36.486 [GatlingSystem-akka.actor.default-dispatcher-81] ERROR com.intuit.karate - classpath:conduitApp/performance/createArticle.feature:17
Then status 200
status code was: 422, expected: 200, response time in milliseconds: 261, url: https://api.realworld.io/api/articles, response: 
{"errors":{"title":["must be unique"]}}
classpath:conduitApp/performance/createArticle.feature:17
17:00:36.505 [GatlingSystem-akka.actor.default-dispatcher-7] INFO  com.intuit.karate - karate.env system property was: null 
17:00:36.569 [GatlingSystem-akka.actor.default-dispatcher-57] ERROR com.intuit.karate - classpath:conduitApp/performance/createArticle.feature:17
Then status 200
status code was: 422, expected: 200, response time in milliseconds: 249, url: https://api.realworld.io/api/articles, response: 
{"errors":{"title":["must be unique"]}}
classpath:conduitApp/performance/createArticle.feature:17
17:00:36.604 [GatlingSystem-akka.actor.default-dispatcher-91] INFO  com.intuit.karate - karate.env system property was: null 
17:00:36.668 [GatlingSystem-akka.actor.default-dispatcher-54] ERROR com.intuit.karate - classpath:conduitApp/performance/createArticle.feature:17
Then status 200
status code was: 422, expected: 200, response time in milliseconds: 247, url: https://api.realworld.io/api/articles, response: 
{"errors":{"title":["must be unique"]}}
classpath:conduitApp/performance/createArticle.feature:17
17:00:36.754 [GatlingSystem-akka.actor.default-dispatcher-7] ERROR com.intuit.karate - classpath:conduitApp/performance/createArticle.feature:17
Then status 200
status code was: 422, expected: 200, response time in milliseconds: 244, url: https://api.realworld.io/api/articles, response: 
{"errors":{"title":["must be unique"]}}
classpath:conduitApp/performance/createArticle.feature:17
17:00:36.860 [GatlingSystem-akka.actor.default-dispatcher-91] ERROR com.intuit.karate - classpath:conduitApp/performance/createArticle.feature:17
Then status 200
status code was: 422, expected: 200, response time in milliseconds: 251, url: https://api.realworld.io/api/articles, response: 
{"errors":{"title":["must be unique"]}}
classpath:conduitApp/performance/createArticle.feature:17
17:00:41.709 [GatlingSystem-akka.actor.default-dispatcher-46] INFO  com.intuit.karate - karate.env system property was: null 
17:00:42.285 [GatlingSystem-akka.actor.default-dispatcher-46] INFO  com.intuit.karate - [print] Chant1-196105 
17:00:42.711 [GatlingSystem-akka.actor.default-dispatcher-83] INFO  com.intuit.karate - karate.env system property was: null 
17:00:43.169 [GatlingSystem-akka.actor.default-dispatcher-83] INFO  com.intuit.karate - [print] Guitar1-196105 
17:00:43.711 [GatlingSystem-akka.actor.default-dispatcher-44] INFO  com.intuit.karate - karate.env system property was: null 
17:00:44.155 [GatlingSystem-akka.actor.default-dispatcher-44] INFO  com.intuit.karate - [print] Dabke1-196105 
17:00:44.710 [GatlingSystem-akka.actor.default-dispatcher-67] INFO  com.intuit.karate - karate.env system property was: null 
17:00:44.712 [GatlingSystem-akka.actor.default-dispatcher-81] INFO  i.g.core.controller.inject.Injector - Scenario create and delete article has finished injecting
17:00:44.713 [GatlingSystem-akka.actor.default-dispatcher-81] INFO  i.g.core.controller.inject.Injector - Injecting is done
17:00:44.995 [GatlingSystem-akka.actor.default-dispatcher-67] ERROR com.intuit.karate - classpath:conduitApp/performance/createArticle.feature:17
Then status 200
status code was: 422, expected: 200, response time in milliseconds: 266, url: https://api.realworld.io/api/articles, response: 
{"errors":{"title":["must be unique"]}}
classpath:conduitApp/performance/createArticle.feature:17
17:00:45.712 [GatlingSystem-akka.actor.default-dispatcher-62] INFO  com.intuit.karate - karate.env system property was: null 
17:00:45.975 [GatlingSystem-akka.actor.default-dispatcher-62] ERROR com.intuit.karate - classpath:conduitApp/performance/createArticle.feature:17
Then status 200
status code was: 422, expected: 200, response time in milliseconds: 245, url: https://api.realworld.io/api/articles, response: 
{"errors":{"title":["must be unique"]}}
classpath:conduitApp/performance/createArticle.feature:17
17:00:49.557 [GatlingSystem-akka.actor.default-dispatcher-44] INFO  i.g.core.controller.inject.Injector - All users of scenario create and delete article are stopped
17:00:49.560 [GatlingSystem-akka.actor.default-dispatcher-44] INFO  i.g.core.controller.inject.Injector - Stopping
17:00:49.562 [GatlingSystem-akka.actor.default-dispatcher-48] INFO  i.gatling.core.controller.Controller - Injector has stopped, initiating graceful stop
17:00:49.600 [GatlingSystem-akka.actor.default-dispatcher-43] INFO  akka.actor.CoordinatedShutdown - Running CoordinatedShutdown with reason [ActorSystemTerminateReason]
17:00:49.617 [main] INFO  i.gatling.charts.stats.LogFileReader - Collected List(/Users/bachardaowd/Desktop/karateProject/target/gatling/perftest-20230705145958667/simulation.log) from perftest-20230705145958667
17:00:49.621 [main] INFO  i.gatling.charts.stats.LogFileReader - First pass
17:00:49.626 [main] INFO  i.gatling.charts.stats.LogFileReader - First pass done: read 474 lines
17:00:49.631 [main] INFO  i.gatling.charts.stats.LogFileReader - Second pass
17:00:49.651 [main] INFO  i.gatling.charts.stats.LogFileReader - Second pass: read 474 lines
